#
# There is insufficient memory for the Java Runtime Environment to continue.
# Native memory allocation (malloc) failed to allocate 1555456 bytes for Chunk::new
# Possible reasons:
#   The system is out of physical RAM or swap space
#   In 32 bit mode, the process size limit was hit
# Possible solutions:
#   Reduce memory load on the system
#   Increase physical memory or swap space
#   Check if swap backing store is full
#   Use 64 bit Java on a 64 bit OS
#   Decrease Java heap size (-Xmx/-Xms)
#   Decrease number of Java threads
#   Decrease Java thread stack sizes (-Xss)
#   Set larger code cache with -XX:ReservedCodeCacheSize=
# This output file may be truncated or incomplete.
#
#  Out of Memory Error (allocation.cpp:390), pid=8420, tid=6856
#
# JRE version: Java(TM) SE Runtime Environment (8.0_25-b18) (build 1.8.0_25-b18)
# Java VM: Java HotSpot(TM) 64-Bit Server VM (25.25-b02 mixed mode windows-amd64 compressed oops)
# Failed to write core dump. Minidumps are not enabled by default on client versions of Windows
#

---------------  T H R E A D  ---------------

Current thread (0x000000001525b000):  JavaThread "C2 CompilerThread0" daemon [_thread_in_native, id=6856, stack(0x00000000161a0000,0x00000000162a0000)]

Stack: [0x00000000161a0000,0x00000000162a0000]
Native frames: (J=compiled Java code, j=interpreted, Vv=VM code, C=native code)
V  [jvm.dll+0x31667a]
V  [jvm.dll+0x267073]
V  [jvm.dll+0x267cb3]
V  [jvm.dll+0x25f5b5]
V  [jvm.dll+0xbf165]
V  [jvm.dll+0xbf60c]
V  [jvm.dll+0x45d672]
V  [jvm.dll+0x49e8ef]
V  [jvm.dll+0x452b41]
V  [jvm.dll+0x453864]
V  [jvm.dll+0x437372]
V  [jvm.dll+0x98a02]
V  [jvm.dll+0x991f3]
V  [jvm.dll+0x22bde4]
V  [jvm.dll+0x2852fa]
C  [msvcr100.dll+0x21d9f]
C  [msvcr100.dll+0x21e3b]
C  [KERNEL32.DLL+0x16ad]
C  [ntdll.dll+0x734a5]


Current CompileTask:
C2:   5413 1335       4       com.android.dx.dex.code.OutputFinisher::addConstants (93 bytes)


---------------  P R O C E S S  ---------------

Java Threads: ( => current thread )
  0x00000000152d6000 JavaThread "Service Thread" daemon [_thread_blocked, id=7488, stack(0x00000000163a0000,0x00000000164a0000)]
  0x0000000015261800 JavaThread "C1 CompilerThread1" daemon [_thread_blocked, id=4268, stack(0x00000000162a0000,0x00000000163a0000)]
=>0x000000001525b000 JavaThread "C2 CompilerThread0" daemon [_thread_in_native, id=6856, stack(0x00000000161a0000,0x00000000162a0000)]
  0x0000000015259800 JavaThread "Attach Listener" daemon [_thread_blocked, id=8724, stack(0x00000000160a0000,0x00000000161a0000)]
  0x0000000015256000 JavaThread "Signal Dispatcher" daemon [_thread_blocked, id=2248, stack(0x0000000015fa0000,0x00000000160a0000)]
  0x000000001521a800 JavaThread "Finalizer" daemon [_thread_blocked, id=7820, stack(0x0000000015ea0000,0x0000000015fa0000)]
  0x0000000015212800 JavaThread "Reference Handler" daemon [_thread_blocked, id=6956, stack(0x0000000015da0000,0x0000000015ea0000)]
  0x0000000002cce000 JavaThread "main" [_thread_in_vm, id=9004, stack(0x0000000002b40000,0x0000000002c40000)]

Other Threads:
  0x000000001520c000 VMThread [stack: 0x0000000015ca0000,0x0000000015da0000] [id=8204]
  0x00000000152d7800 WatcherThread [stack: 0x00000000164a0000,0x00000000165a0000] [id=9128]

VM state:not at safepoint (normal execution)

VM Mutex/Monitor currently owned by a thread: None

Heap:
 PSYoungGen      total 18944K, used 11706K [0x00000000eab00000, 0x00000000ec000000, 0x0000000100000000)
  eden space 16384K, 55% used [0x00000000eab00000,0x00000000eb3eeb08,0x00000000ebb00000)
  from space 2560K, 100% used [0x00000000ebd80000,0x00000000ec000000,0x00000000ec000000)
  to   space 2560K, 0% used [0x00000000ebb00000,0x00000000ebb00000,0x00000000ebd80000)
 ParOldGen       total 44032K, used 5826K [0x00000000c0000000, 0x00000000c2b00000, 0x00000000eab00000)
  object space 44032K, 13% used [0x00000000c0000000,0x00000000c05b0850,0x00000000c2b00000)
 Metaspace       used 6355K, capacity 7376K, committed 7680K, reserved 1056768K
  class space    used 614K, capacity 648K, committed 768K, reserved 1048576K

Card table byte_map: [0x0000000012190000,0x00000000123a0000] byte_map_base: 0x0000000011b90000

Marking Bits: (ParMarkBitMap*) 0x000000007512d490
 Begin Bits: [0x0000000012700000, 0x0000000013700000)
 End Bits:   [0x0000000013700000, 0x0000000014700000)

Polling page: 0x0000000001230000

CodeCache: size=245760Kb used=5928Kb max_used=5928Kb free=239831Kb
 bounds [0x0000000002dd0000, 0x00000000033a0000, 0x0000000011dd0000]
 total_blobs=1844 nmethods=1577 adapters=182
 compilation: enabled

Compilation events (10 events):
Event: 5.213 Thread 0x0000000015261800 nmethod 1461 0x0000000003360690 code [0x0000000003360820, 0x0000000003360c08]
Event: 5.213 Thread 0x0000000015261800 1463 %     3       com.android.dx.dex.code.LocalList$MakeState::snapshot @ 16 (110 bytes)
Event: 5.215 Thread 0x0000000015261800 nmethod 1463% 0x0000000003360ed0 code [0x0000000003361160, 0x00000000033623f8]
Event: 5.215 Thread 0x0000000015261800 1467       2       com.android.dx.dex.file.StringDataItem::itemType (4 bytes)
Event: 5.216 Thread 0x0000000015261800 nmethod 1467 0x0000000003362e50 code [0x0000000003362fa0, 0x00000000033630f0]
Event: 5.216 Thread 0x0000000015261800 1468       2       com.android.dx.dex.file.OffsettedItem::compareTo (34 bytes)
Event: 5.216 Thread 0x0000000015261800 nmethod 1468 0x0000000003363190 code [0x0000000003363320, 0x0000000003363558]
Event: 5.216 Thread 0x0000000015261800 1469       2       com.android.dx.dex.file.OffsettedItem::compareTo (9 bytes)
Event: 5.216 Thread 0x0000000015261800 nmethod 1469 0x0000000003363690 code [0x0000000003363820, 0x0000000003363a98]
Event: 5.216 Thread 0x0000000015261800 1466       2       com.android.dx.dex.file.OffsettedItem::place (78 bytes)

GC Heap History (4 events):
Event: 3.651 GC heap before
{Heap before GC invocations=1 (full 0):
 PSYoungGen      total 18944K, used 16384K [0x00000000eab00000, 0x00000000ec000000, 0x0000000100000000)
  eden space 16384K, 100% used [0x00000000eab00000,0x00000000ebb00000,0x00000000ebb00000)
  from space 2560K, 0% used [0x00000000ebd80000,0x00000000ebd80000,0x00000000ec000000)
  to   space 2560K, 0% used [0x00000000ebb00000,0x00000000ebb00000,0x00000000ebd80000)
 ParOldGen       total 44032K, used 0K [0x00000000c0000000, 0x00000000c2b00000, 0x00000000eab00000)
  object space 44032K, 0% used [0x00000000c0000000,0x00000000c0000000,0x00000000c2b00000)
 Metaspace       used 5432K, capacity 6768K, committed 7040K, reserved 1056768K
  class space    used 544K, capacity 616K, committed 640K, reserved 1048576K
Event: 3.679 GC heap after
Heap after GC invocations=1 (full 0):
 PSYoungGen      total 18944K, used 2552K [0x00000000eab00000, 0x00000000ec000000, 0x0000000100000000)
  eden space 16384K, 0% used [0x00000000eab00000,0x00000000eab00000,0x00000000ebb00000)
  from space 2560K, 99% used [0x00000000ebb00000,0x00000000ebd7e028,0x00000000ebd80000)
  to   space 2560K, 0% used [0x00000000ebd80000,0x00000000ebd80000,0x00000000ec000000)
 ParOldGen       total 44032K, used 2345K [0x00000000c0000000, 0x00000000c2b00000, 0x00000000eab00000)
  object space 44032K, 5% used [0x00000000c0000000,0x00000000c024a728,0x00000000c2b00000)
 Metaspace       used 5432K, capacity 6768K, committed 7040K, reserved 1056768K
  class space    used 544K, capacity 616K, committed 640K, reserved 1048576K
}
Event: 4.832 GC heap before
{Heap before GC invocations=2 (full 0):
 PSYoungGen      total 18944K, used 18825K [0x00000000eab00000, 0x00000000ec000000, 0x0000000100000000)
  eden space 16384K, 99% used [0x00000000eab00000,0x00000000ebae4528,0x00000000ebb00000)
  from space 2560K, 99% used [0x00000000ebb00000,0x00000000ebd7e028,0x00000000ebd80000)
  to   space 2560K, 0% used [0x00000000ebd80000,0x00000000ebd80000,0x00000000ec000000)
 ParOldGen       total 44032K, used 2345K [0x00000000c0000000, 0x00000000c2b00000, 0x00000000eab00000)
  object space 44032K, 5% used [0x00000000c0000000,0x00000000c024a728,0x00000000c2b00000)
 Metaspace       used 5632K, capacity 6960K, committed 7040K, reserved 1056768K
  class space    used 550K, capacity 616K, committed 640K, reserved 1048576K
Event: 4.854 GC heap after
Heap after GC invocations=2 (full 0):
 PSYoungGen      total 18944K, used 2560K [0x00000000eab00000, 0x00000000ec000000, 0x0000000100000000)
  eden space 16384K, 0% used [0x00000000eab00000,0x00000000eab00000,0x00000000ebb00000)
  from space 2560K, 100% used [0x00000000ebd80000,0x00000000ec000000,0x00000000ec000000)
  to   space 2560K, 0% used [0x00000000ebb00000,0x00000000ebb00000,0x00000000ebd80000)
 ParOldGen       total 44032K, used 5826K [0x00000000c0000000, 0x00000000c2b00000, 0x00000000eab00000)
  object space 44032K, 13% used [0x00000000c0000000,0x00000000c05b0850,0x00000000c2b00000)
 Metaspace       used 5632K, capacity 6960K, committed 7040K, reserved 1056768K
  class space    used 550K, capacity 616K, committed 640K, reserved 1048576K
}

Deoptimization events (10 events):
Event: 4.990 Thread 0x0000000002cce000 Uncommon trap: reason=bimorphic action=maybe_recompile pc=0x000000000303c11c method=java.util.HashMap.getNode(ILjava/lang/Object;)Ljava/util/HashMap$Node; @ 126
Event: 4.990 Thread 0x0000000002cce000 Uncommon trap: reason=class_check action=maybe_recompile pc=0x00000000031c051c method=java.util.HashMap.putVal(ILjava/lang/Object;Ljava/lang/Object;ZZ)Ljava/lang/Object; @ 203
Event: 5.200 Thread 0x0000000002cce000 Uncommon trap: reason=speculate_class_check action=maybe_recompile pc=0x00000000032b44ec method=com.android.dx.util.FixedSizeList.equals(Ljava/lang/Object;)Z @ 25
Event: 5.200 Thread 0x0000000002cce000 Uncommon trap: reason=class_check action=maybe_recompile pc=0x000000000329ff70 method=java.util.Arrays.equals([Ljava/lang/Object;[Ljava/lang/Object;)Z @ 62
Event: 5.200 Thread 0x0000000002cce000 Uncommon trap: reason=speculate_class_check action=maybe_recompile pc=0x00000000032b44ec method=com.android.dx.util.FixedSizeList.equals(Ljava/lang/Object;)Z @ 25
Event: 5.200 Thread 0x0000000002cce000 Uncommon trap: reason=class_check action=maybe_recompile pc=0x000000000329ff70 method=java.util.Arrays.equals([Ljava/lang/Object;[Ljava/lang/Object;)Z @ 62
Event: 5.200 Thread 0x0000000002cce000 Uncommon trap: reason=speculate_class_check action=maybe_recompile pc=0x00000000032b44ec method=com.android.dx.util.FixedSizeList.equals(Ljava/lang/Object;)Z @ 25
Event: 5.200 Thread 0x0000000002cce000 Uncommon trap: reason=class_check action=maybe_recompile pc=0x000000000329ff70 method=java.util.Arrays.equals([Ljava/lang/Object;[Ljava/lang/Object;)Z @ 62
Event: 5.200 Thread 0x0000000002cce000 Uncommon trap: reason=speculate_class_check action=maybe_recompile pc=0x00000000032b44ec method=com.android.dx.util.FixedSizeList.equals(Ljava/lang/Object;)Z @ 25
Event: 5.200 Thread 0x0000000002cce000 Uncommon trap: reason=class_check action=maybe_recompile pc=0x000000000329ff70 method=java.util.Arrays.equals([Ljava/lang/Object;[Ljava/lang/Object;)Z @ 62

Internal exceptions (10 events):
Event: 5.098 Thread 0x0000000002cce000 Exception <a 'java/security/PrivilegedActionException'> (0x00000000eb1e02e8) thrown at [D:\re\workspace\8-2-build-windows-amd64-cygwin\jdk8u25\1677\hotspot\src\share\vm\prims\jvm.cpp, line 1312]
Event: 5.099 Thread 0x0000000002cce000 Exception <a 'java/security/PrivilegedActionException'> (0x00000000eb1e2e08) thrown at [D:\re\workspace\8-2-build-windows-amd64-cygwin\jdk8u25\1677\hotspot\src\share\vm\prims\jvm.cpp, line 1312]
Event: 5.101 Thread 0x0000000002cce000 Exception <a 'java/security/PrivilegedActionException'> (0x00000000eb1e8120) thrown at [D:\re\workspace\8-2-build-windows-amd64-cygwin\jdk8u25\1677\hotspot\src\share\vm\prims\jvm.cpp, line 1312]
Event: 5.102 Thread 0x0000000002cce000 Exception <a 'java/security/PrivilegedActionException'> (0x00000000eb1ee7e0) thrown at [D:\re\workspace\8-2-build-windows-amd64-cygwin\jdk8u25\1677\hotspot\src\share\vm\prims\jvm.cpp, line 1312]
Event: 5.103 Thread 0x0000000002cce000 Exception <a 'java/security/PrivilegedActionException'> (0x00000000eb1f1878) thrown at [D:\re\workspace\8-2-build-windows-amd64-cygwin\jdk8u25\1677\hotspot\src\share\vm\prims\jvm.cpp, line 1312]
Event: 5.105 Thread 0x0000000002cce000 Exception <a 'java/security/PrivilegedActionException'> (0x00000000eb1f6800) thrown at [D:\re\workspace\8-2-build-windows-amd64-cygwin\jdk8u25\1677\hotspot\src\share\vm\prims\jvm.cpp, line 1312]
Event: 5.106 Thread 0x0000000002cce000 Exception <a 'java/security/PrivilegedActionException'> (0x00000000eb1fb030) thrown at [D:\re\workspace\8-2-build-windows-amd64-cygwin\jdk8u25\1677\hotspot\src\share\vm\prims\jvm.cpp, line 1312]
Event: 5.199 Thread 0x0000000002cce000 Exception <a 'java/security/PrivilegedActionException'> (0x00000000eb22c858) thrown at [D:\re\workspace\8-2-build-windows-amd64-cygwin\jdk8u25\1677\hotspot\src\share\vm\prims\jvm.cpp, line 1312]
Event: 5.201 Thread 0x0000000002cce000 Exception <a 'java/security/PrivilegedActionException'> (0x00000000eb230198) thrown at [D:\re\workspace\8-2-build-windows-amd64-cygwin\jdk8u25\1677\hotspot\src\share\vm\prims\jvm.cpp, line 1312]
Event: 5.202 Thread 0x0000000002cce000 Exception <a 'java/security/PrivilegedActionException'> (0x00000000eb233478) thrown at [D:\re\workspace\8-2-build-windows-amd64-cygwin\jdk8u25\1677\hotspot\src\share\vm\prims\jvm.cpp, line 1312]

Events (10 events):
Event: 5.200 Thread 0x0000000002cce000 Uncommon trap: trap_request=0xffffff76 fr.pc=0x00000000032b44ec
Event: 5.200 Thread 0x0000000002cce000 DEOPT PACKING pc=0x00000000032b44ec sp=0x0000000002c3eca0
Event: 5.200 Thread 0x0000000002cce000 DEOPT UNPACKING pc=0x0000000002e1556a sp=0x0000000002c3ec60 mode 2
Event: 5.200 Thread 0x0000000002cce000 Uncommon trap: trap_request=0xffffffde fr.pc=0x000000000329ff70
Event: 5.200 Thread 0x0000000002cce000 DEOPT PACKING pc=0x000000000329ff70 sp=0x0000000002c3ec30
Event: 5.200 Thread 0x0000000002cce000 DEOPT UNPACKING pc=0x0000000002e1556a sp=0x0000000002c3ebd0 mode 2
Event: 5.200 loading class com/android/dx/dex/code/CatchTable$Entry
Event: 5.200 loading class com/android/dx/dex/code/CatchTable$Entry done
Event: 5.201 loading class com/android/dx/util/ByteArrayAnnotatedOutput
Event: 5.201 loading class com/android/dx/util/ByteArrayAnnotatedOutput done


Dynamic libraries:
0x00007ff74f720000 - 0x00007ff74f754000 	C:\Program Files\Java\jdk1.8.0_25\bin\java.exe
0x00007ffc500c0000 - 0x00007ffc5026a000 	C:\WINDOWS\SYSTEM32\ntdll.dll
0x00007ffc4f0b0000 - 0x00007ffc4f1ea000 	C:\WINDOWS\system32\KERNEL32.DLL
0x00007ffc4d730000 - 0x00007ffc4d83f000 	C:\WINDOWS\system32\KERNELBASE.dll
0x00007ffc4c070000 - 0x00007ffc4c0f8000 	C:\WINDOWS\system32\apphelp.dll
0x00007ffc357a0000 - 0x00007ffc357ef000 	C:\WINDOWS\AppPatch\AppPatch64\AcGenral.DLL
0x00007ffc4fd00000 - 0x00007ffc4fda7000 	C:\WINDOWS\system32\msvcrt.dll
0x00007ffc4d270000 - 0x00007ffc4d29b000 	C:\WINDOWS\SYSTEM32\SspiCli.dll
0x00007ffc4f010000 - 0x00007ffc4f061000 	C:\WINDOWS\system32\SHLWAPI.dll
0x00007ffc4f500000 - 0x00007ffc4f671000 	C:\WINDOWS\system32\USER32.dll
0x00007ffc4f370000 - 0x00007ffc4f4e8000 	C:\WINDOWS\system32\ole32.dll
0x00007ffc4dbf0000 - 0x00007ffc4f00f000 	C:\WINDOWS\system32\SHELL32.dll
0x00007ffc4ca40000 - 0x00007ffc4ca5e000 	C:\WINDOWS\SYSTEM32\USERENV.dll
0x00007ffc4db40000 - 0x00007ffc4dbe5000 	C:\WINDOWS\system32\ADVAPI32.dll
0x00007ffc49650000 - 0x00007ffc4966b000 	C:\WINDOWS\SYSTEM32\MPR.dll
0x00007ffc4f8d0000 - 0x00007ffc4fa07000 	C:\WINDOWS\system32\RPCRT4.dll
0x00007ffc4fa10000 - 0x00007ffc4fa67000 	C:\WINDOWS\SYSTEM32\sechost.dll
0x00007ffc4fed0000 - 0x00007ffc500a6000 	C:\WINDOWS\SYSTEM32\combase.dll
0x00007ffc4fbb0000 - 0x00007ffc4fcf4000 	C:\WINDOWS\system32\GDI32.dll
0x00007ffc4d430000 - 0x00007ffc4d444000 	C:\WINDOWS\SYSTEM32\profapi.dll
0x00007ffc4bd30000 - 0x00007ffc4bdcf000 	C:\WINDOWS\SYSTEM32\SHCORE.dll
0x00007ffc4f070000 - 0x00007ffc4f0a4000 	C:\WINDOWS\system32\IMM32.DLL
0x00007ffc4fa70000 - 0x00007ffc4fba9000 	C:\WINDOWS\system32\MSCTF.dll
0x00007ffc4b900000 - 0x00007ffc4bb5a000 	C:\WINDOWS\WinSxS\amd64_microsoft.windows.common-controls_6595b64144ccf1df_6.0.9600.17031_none_6242a4b3ecbb55a1\COMCTL32.dll
0x0000000074280000 - 0x0000000074352000 	C:\Program Files\Java\jdk1.8.0_25\jre\bin\msvcr100.dll
0x0000000074950000 - 0x00000000751aa000 	C:\Program Files\Java\jdk1.8.0_25\jre\bin\server\jvm.dll
0x00007ffc45920000 - 0x00007ffc45929000 	C:\WINDOWS\SYSTEM32\WSOCK32.dll
0x00007ffc48030000 - 0x00007ffc4804f000 	C:\WINDOWS\SYSTEM32\WINMM.dll
0x00007ffc4f360000 - 0x00007ffc4f367000 	C:\WINDOWS\system32\PSAPI.DLL
0x00007ffc4f680000 - 0x00007ffc4f6d8000 	C:\WINDOWS\system32\WS2_32.dll
0x00007ffc48000000 - 0x00007ffc4802a000 	C:\WINDOWS\SYSTEM32\WINMMBASE.dll
0x00007ffc4f4f0000 - 0x00007ffc4f4f9000 	C:\WINDOWS\system32\NSI.dll
0x00007ffc4d8f0000 - 0x00007ffc4d93a000 	C:\WINDOWS\SYSTEM32\cfgmgr32.dll
0x00007ffc4c2c0000 - 0x00007ffc4c2e6000 	C:\WINDOWS\SYSTEM32\DEVOBJ.dll
0x00000000752e0000 - 0x00000000752ef000 	C:\Program Files\Java\jdk1.8.0_25\jre\bin\verify.dll
0x00000000752b0000 - 0x00000000752d8000 	C:\Program Files\Java\jdk1.8.0_25\jre\bin\java.dll
0x0000000075290000 - 0x00000000752a6000 	C:\Program Files\Java\jdk1.8.0_25\jre\bin\zip.dll
0x00007ffc48ce0000 - 0x00007ffc48e68000 	C:\WINDOWS\SYSTEM32\dbghelp.dll

VM Arguments:
jvm_args: -Xmx1024M -Dfile.encoding=UTF-8 -Duser.country=US -Duser.language=en -Duser.variant 
java_command: com.android.dx.command.Main --dex --output C:\Users\USER\Downloads\CozaSocial\app\build\intermediates\dex\debug C:\Users\USER\Downloads\CozaSocial\app\build\intermediates\classes\debug C:\Users\USER\Downloads\CozaSocial\app\build\intermediates\pre-dexed\debug\support-annotations-22.2.0-b882185bdf7e01b06985ec771daafb5ee19e53d1.jar C:\Users\USER\Downloads\CozaSocial\app\build\intermediates\pre-dexed\debug\classes-a36408039eb9c2a8e9c638735a6356c861260530.jar C:\Users\USER\Downloads\CozaSocial\app\build\intermediates\pre-dexed\debug\classes-a6fc451695ac99e373d72026acc2509ec87a103b.jar C:\Users\USER\Downloads\CozaSocial\app\build\intermediates\pre-dexed\debug\classes-8b68d97bc1e66c801492a27993524f1e565fa028.jar C:\Users\USER\Downloads\CozaSocial\app\build\intermediates\pre-dexed\debug\classes-dd70364207f807e76fd15531d96396fbcf8a9e44.jar C:\Users\USER\Downloads\CozaSocial\app\build\intermediates\pre-dexed\debug\classes-66bf6489a8060e72f0189c6d5c304f60cb428c9c.jar C:\Users\USER\Downloads\CozaSocial\app\build\intermediates\pre-dexed\debug\classes-da7633c11fa7c77fffff83fad90a6b65b64d4053.jar C:\Users\USER\Downloads\CozaSocial\app\build\intermediates\pre-dexed\debug\classes-791d21a5de2f3eaf537e0f66b98a987383d294bc.jar C:\Users\USER\Downloads\CozaSocial\app\build\intermediates\pre-dexed\debug\library-2.4.0-85b12d8fe49f0fc1a9826020e71af229cb796cc3.jar C:\Users\USER\Downloads\CozaSocial\app\build\intermediates\pre-dexed\debug\picasso-2.5.2-596b4e77fa0209008cb500ba04c21d575d754025.jar C:\Users\USER\Downloads\CozaSocial\app\build\intermediates\pre-dexed\debug\classes-a77830214e86b2c5233b99a5e38b0e19f684dbc9.jar C:\Users\USER\Downloads\CozaSocial\app\build\intermediates\pre-dexed\debug\internal_impl-22.2.0-8dfc5e269828fe8b6b1bbd5e3330cd32c6875ac2.jar C:\Users\USER\Downloads\CozaSocial\app\build\intermediates\pre-dexed\debug\classes-e8804e6baa886166f158e676674dea20c0652e18.jar C:\Users\USER\Downloads\CozaSocial\app\build\intermediates\pre-dexed\debug\classes-e47aff5c
java_class_path (initial): C:\Program Files (x86)\Android\android-sdk\build-tools\21.1.2\lib\dx.jar
Launcher Type: SUN_STANDARD

Environment Variables:
JAVA_HOME=C:\Program Files\Java\jdk1.8.0_25
PATH=C:\ProgramData\Oracle\Java\javapath;C:\Program Files (x86)\EasyPHP-DevServer-14.1VC11\binaries\php\php_runningversion;C:\Program Files (x86)\Intel\iCLS Client\;C:\Program Files\Intel\iCLS Client\;C:\WINDOWS\system32;C:\WINDOWS;C:\WINDOWS\System32\Wbem;C:\WINDOWS\System32\WindowsPowerShell\v1.0\;C:\Program Files (x86)\Windows Live\Shared;C:\Program Files (x86)\Intel\OpenCL SDK\2.0\bin\x86;C:\Program Files (x86)\Intel\OpenCL SDK\2.0\bin\x64;C:\Program Files\Intel\Intel(R) Management Engine Components\DAL;C:\Program Files\Intel\Intel(R) Management Engine Components\IPT;C:\Program Files (x86)\Intel\Intel(R) Management Engine Components\DAL;C:\Program Files (x86)\Intel\Intel(R) Management Engine Components\IPT;c:\Program Files (x86)\Microsoft SQL Server\100\Tools\Binn\;c:\Program Files\Microsoft SQL Server\100\Tools\Binn\;c:\Program Files\Microsoft SQL Server\100\DTS\Binn\;C:\Program Files (x86)\Java\jdk1.7.0_01\bin;C:\Program Files (x86)\QuickTime\QTSystem\;C:\Program Files (x86)\Skype\Phone\;C:\Program Files\nodejs\;C:\Users\USER\AppData\Roaming\npm
USERNAME=SamuelAgbede
OS=Windows_NT
PROCESSOR_IDENTIFIER=Intel64 Family 6 Model 58 Stepping 9, GenuineIntel



---------------  S Y S T E M  ---------------

OS: Windows 8.1 , 64 bit Build 9600 

CPU:total 2 (2 cores per cpu, 1 threads per core) family 6 model 58 stepping 9, cmov, cx8, fxsr, mmx, sse, sse2, sse3, ssse3, sse4.1, sse4.2, popcnt, clmul, erms, tsc, tscinvbit, tscinv

Memory: 4k page, physical 4080920k(407412k free), swap 7226648k(12428k free)

vm_info: Java HotSpot(TM) 64-Bit Server VM (25.25-b02) for windows-amd64 JRE (1.8.0_25-b18), built on Oct  7 2014 14:25:37 by "java_re" with MS VC++ 10.0 (VS2010)

time: Thu Sep 03 18:16:47 2015
elapsed time: 5 seconds (0d 0h 0m 5s)

